<?xml version="1.0" encoding="UTF-8"?>
<testng-results skipped="0" failed="0" total="1" passed="1">
  <reporter-output>
  </reporter-output>
  <suite name="Suite" duration-ms="4007" started-at="2019-03-20T02:52:13Z" finished-at="2019-03-20T02:52:17Z">
    <groups>
    </groups>
    <test name="Test" duration-ms="4007" started-at="2019-03-20T02:52:13Z" finished-at="2019-03-20T02:52:17Z">
      <class name="stu.login">
        <test-method status="PASS" signature="openfirefox()[pri:0, instance:stu.login@1c2c22f3]" name="openfirefox" is-config="true" duration-ms="2872" started-at="2019-03-20T10:52:13Z" finished-at="2019-03-20T10:52:16Z">
          <reporter-output>
          </reporter-output>
        </test-method> <!-- openfirefox -->
        <test-method status="PASS" signature="Alogin()[pri:0, instance:stu.login@1c2c22f3]" name="Alogin" duration-ms="1126" started-at="2019-03-20T10:52:16Z" finished-at="2019-03-20T10:52:17Z">
          <reporter-output>
          </reporter-output>
        </test-method> <!-- Alogin -->
      </class> <!-- stu.login -->
    </test> <!-- Test -->
  </suite> <!-- Suite -->
</testng-results>
